{"timestamp":"2025-11-04T20:20:46.708176Z","level":"info","event":"DAG bundles loaded: dags-folder","logger":"airflow.dag_processing.bundles.manager.DagBundlesManager","filename":"manager.py","lineno":179}
{"timestamp":"2025-11-04T20:20:46.708425Z","level":"info","event":"Filling up the DagBag from /opt/airflow/dags/ecom_dag.py","logger":"airflow.models.dagbag.DagBag","filename":"dagbag.py","lineno":593}
{"timestamp":"2025-11-04T20:20:46.897590Z","level":"warning","event":"The `airflow.decorators.dag` attribute is deprecated. Please use `'airflow.sdk.dag'`.","category":"DeprecatedImportWarning","filename":"/opt/airflow/dags/ecom_dag.py","lineno":10,"logger":"py.warnings"}
{"timestamp":"2025-11-04T20:20:46.897803Z","level":"warning","event":"The `airflow.decorators.task` attribute is deprecated. Please use `'airflow.sdk.task'`.","category":"DeprecatedImportWarning","filename":"/opt/airflow/dags/ecom_dag.py","lineno":10,"logger":"py.warnings"}
{"timestamp":"2025-11-04T20:20:46.897846Z","level":"warning","event":"The `airflow.models.baseoperator.chain` attribute is deprecated. Please use `'airflow.sdk.bases.operator.chain'`.","category":"DeprecatedImportWarning","filename":"/opt/airflow/dags/ecom_dag.py","lineno":11,"logger":"py.warnings"}
{"timestamp":"2025-11-04T20:20:46.897868Z","level":"warning","event":"The `airflow.utils.task_group.TaskGroup` attribute is deprecated. Please use `'airflow.sdk.TaskGroup'`.","category":"DeprecatedImportWarning","filename":"/opt/airflow/dags/ecom_dag.py","lineno":12,"logger":"py.warnings"}
{"timestamp":"2025-11-04T20:20:46.907097Z","level":"info","event":"Starting PySpark analysis on table: ecommerce_merged_data","logger":"root","filename":"ecom_dag.py","lineno":222}
{"timestamp":"2025-11-04T20:20:47.124412Z","level":"error","event":"WARNING: Using incubator modules: jdk.incubator.vector","logger":"task.stderr"}
{"timestamp":"2025-11-04T20:20:47.770502Z","level":"error","event":"25/11/04 20:20:47 WARN NativeCodeLoader: Unable to load native-hadoop library for your platform... using builtin-java classes where applicable","logger":"task.stderr"}
{"timestamp":"2025-11-04T20:20:47.835067Z","level":"error","event":"Using Spark's default log4j profile: org/apache/spark/log4j2-defaults.properties","logger":"task.stderr"}
{"timestamp":"2025-11-04T20:20:47.835430Z","level":"error","event":"Setting default log level to \"WARN\".","logger":"task.stderr"}
{"timestamp":"2025-11-04T20:20:47.835659Z","level":"error","event":"To adjust logging level use sc.setLogLevel(newLevel). For SparkR, use setLogLevel(newLevel).","logger":"task.stderr"}
{"timestamp":"2025-11-04T20:20:49.878824Z","level":"info","event":"--- Top 5 States by Unique Customers ---","logger":"root","filename":"ecom_dag.py","lineno":251}
{"timestamp":"2025-11-04T20:20:50.732971Z","level":"info","event":"State: SP, Count: 41746","logger":"root","filename":"ecom_dag.py","lineno":253}
{"timestamp":"2025-11-04T20:20:50.733055Z","level":"info","event":"State: RJ, Count: 12852","logger":"root","filename":"ecom_dag.py","lineno":253}
{"timestamp":"2025-11-04T20:20:50.733083Z","level":"info","event":"State: MG, Count: 11635","logger":"root","filename":"ecom_dag.py","lineno":253}
{"timestamp":"2025-11-04T20:20:50.733104Z","level":"info","event":"State: RS, Count: 5466","logger":"root","filename":"ecom_dag.py","lineno":253}
{"timestamp":"2025-11-04T20:20:50.733123Z","level":"info","event":"State: PR, Count: 5045","logger":"root","filename":"ecom_dag.py","lineno":253}
{"timestamp":"2025-11-04T20:20:51.596444Z","level":"info","event":"PySpark analysis complete. Results saved to /opt/airflow/data/customer_state_analysis","logger":"root","filename":"ecom_dag.py","lineno":261}
{"timestamp":"2025-11-04T20:20:51.598078Z","level":"info","event":"Done. Returned value was: None","logger":"airflow.task.operators.airflow.providers.standard.decorators.python._PythonDecoratedOperator","filename":"python.py","lineno":218}
