{"timestamp":"2025-11-04T23:30:14.721837Z","level":"info","event":"DAG bundles loaded: dags-folder","logger":"airflow.dag_processing.bundles.manager.DagBundlesManager","filename":"manager.py","lineno":179}
{"timestamp":"2025-11-04T23:30:14.722135Z","level":"info","event":"Filling up the DagBag from /opt/airflow/dags/ecom_dag.py","logger":"airflow.models.dagbag.DagBag","filename":"dagbag.py","lineno":593}
{"timestamp":"2025-11-04T23:30:14.905431Z","level":"warning","event":"The `airflow.decorators.dag` attribute is deprecated. Please use `'airflow.sdk.dag'`.","category":"DeprecatedImportWarning","filename":"/opt/airflow/dags/ecom_dag.py","lineno":10,"logger":"py.warnings"}
{"timestamp":"2025-11-04T23:30:14.905489Z","level":"warning","event":"The `airflow.decorators.task` attribute is deprecated. Please use `'airflow.sdk.task'`.","category":"DeprecatedImportWarning","filename":"/opt/airflow/dags/ecom_dag.py","lineno":10,"logger":"py.warnings"}
{"timestamp":"2025-11-04T23:30:14.905512Z","level":"warning","event":"The `airflow.models.baseoperator.chain` attribute is deprecated. Please use `'airflow.sdk.bases.operator.chain'`.","category":"DeprecatedImportWarning","filename":"/opt/airflow/dags/ecom_dag.py","lineno":11,"logger":"py.warnings"}
{"timestamp":"2025-11-04T23:30:14.905531Z","level":"warning","event":"The `airflow.utils.task_group.TaskGroup` attribute is deprecated. Please use `'airflow.sdk.TaskGroup'`.","category":"DeprecatedImportWarning","filename":"/opt/airflow/dags/ecom_dag.py","lineno":12,"logger":"py.warnings"}
{"timestamp":"2025-11-04T23:30:14.913319Z","level":"info","event":"Starting PySpark analysis on table: ecommerce_merged_data","logger":"root","filename":"ecom_dag.py","lineno":175}
{"timestamp":"2025-11-04T23:30:15.119050Z","level":"error","event":"WARNING: Using incubator modules: jdk.incubator.vector","logger":"task.stderr"}
{"timestamp":"2025-11-04T23:30:15.827583Z","level":"error","event":"25/11/04 23:30:15 WARN NativeCodeLoader: Unable to load native-hadoop library for your platform... using builtin-java classes where applicable","logger":"task.stderr"}
{"timestamp":"2025-11-04T23:30:15.889438Z","level":"error","event":"Using Spark's default log4j profile: org/apache/spark/log4j2-defaults.properties","logger":"task.stderr"}
{"timestamp":"2025-11-04T23:30:15.889790Z","level":"error","event":"Setting default log level to \"WARN\".","logger":"task.stderr"}
{"timestamp":"2025-11-04T23:30:15.889925Z","level":"error","event":"To adjust logging level use sc.setLogLevel(newLevel). For SparkR, use setLogLevel(newLevel).","logger":"task.stderr"}
{"timestamp":"2025-11-04T23:30:17.893186Z","level":"info","event":"--- Top 5 States by Unique Customers ---","logger":"root","filename":"ecom_dag.py","lineno":205}
{"timestamp":"2025-11-04T23:30:18.717529Z","level":"info","event":"State: SP, Count: 41746","logger":"root","filename":"ecom_dag.py","lineno":207}
{"timestamp":"2025-11-04T23:30:18.717608Z","level":"info","event":"State: RJ, Count: 12852","logger":"root","filename":"ecom_dag.py","lineno":207}
{"timestamp":"2025-11-04T23:30:18.717644Z","level":"info","event":"State: MG, Count: 11635","logger":"root","filename":"ecom_dag.py","lineno":207}
{"timestamp":"2025-11-04T23:30:18.717668Z","level":"info","event":"State: RS, Count: 5466","logger":"root","filename":"ecom_dag.py","lineno":207}
{"timestamp":"2025-11-04T23:30:18.717688Z","level":"info","event":"State: PR, Count: 5045","logger":"root","filename":"ecom_dag.py","lineno":207}
{"timestamp":"2025-11-04T23:30:19.595082Z","level":"info","event":"PySpark analysis complete. Results saved to /opt/airflow/data/customer_state_analysis","logger":"root","filename":"ecom_dag.py","lineno":215}
{"timestamp":"2025-11-04T23:30:19.596766Z","level":"info","event":"Done. Returned value was: None","logger":"airflow.task.operators.airflow.providers.standard.decorators.python._PythonDecoratedOperator","filename":"python.py","lineno":218}
